<?xml version="1.0" encoding="UTF-8"?>
<!-- Generated by org.testng.reporters.JUnitXMLReporter -->
<testsuite hostname="MAA-5ZRFQ12" ignored="0" name="IndigoTestcases" tests="5" failures="0" timestamp="11 Sep 2018 13:22:17 GMT" time="60.249" errors="0">
  <testcase name="premiumtexttest" time="3.13" classname="com.indigo.qa.testcases.Especialtest"/>
  <testcase name="specialvouchertest" time="3.161" classname="com.indigo.qa.testcases.Especialtest"/>
  <testcase name="giftvouchertest" time="2.921" classname="com.indigo.qa.testcases.Giftvouchertest"/>
  <testcase name="vochertexttest" time="0.033" classname="com.indigo.qa.testcases.spclvouchertest"/>
  <testcase name="bookflight" time="5.553" classname="com.indigo.qa.testcases.Bookingpagetest"/>
</testsuite> <!-- IndigoTestcases -->
